<?xml version="1.0" encoding="UTF-8"?>
<!-- Generated by org.testng.reporters.JUnitReportReporter -->
<testsuite hostname="DESKTOP-0JV9ROM" failures="0" tests="3" name="Runner.VegetableRunner" time="19.291" errors="0" timestamp="2024-04-24T16:23:36 IST" skipped="0">
  <testcase classname="Runner.VegetableRunner" name="runScenario" time="7.047"/>
  <testcase classname="Runner.VegetableRunner" name="runScenario" time="5.843"/>
  <testcase classname="Runner.VegetableRunner" name="runScenario" time="6.401"/>
</testsuite> <!-- Runner.VegetableRunner -->
